Logfile initialized
[INFO] logfile = C:\Users\james\Documents\GitHub\MindsMesh-Android\build.log
[DEBUG] C:\Users\james\AppData\Roaming\Titanium\mobilesdk\win32\3.1.1.GA\android\builder.py simulator MindsMesh C:\Program Files (x86)\Android C:\Users\james\Documents\GitHub\MindsMesh-Android com.mindsmesh.mobile 2 HVGA
[DEBUG] C:\Users\james\AppData\Roaming\Titanium\mobilesdk\win32\3.1.1.GA\android\builder.py simulator MindsMesh C:\Program Files (x86)\Android C:\Users\james\Documents\GitHub\MindsMesh-Android com.mindsmesh.mobile 2 HVGA
[INFO] Launching Android emulator...one moment
[DEBUG] From: C:\Program Files (x86)\Android\tools\emulator.exe
[DEBUG] SDCard: C:\Users\james\.titanium\android2.sdcard
[DEBUG] AVD ID: 2
[DEBUG] AVD Skin: HVGA
[DEBUG] AVD ABI: armeabi
[DEBUG] SDK: C:\Program Files (x86)\Android
[DEBUG] From: C:\Program Files (x86)\Android\tools\emulator.exe
[DEBUG] SDCard: C:\Users\james\.titanium\android2.sdcard
[DEBUG] AVD ID: 2
[DEBUG] AVD Skin: HVGA
[DEBUG] AVD ABI: armeabi
[DEBUG] SDK: C:\Program Files (x86)\Android
[DEBUG] C:\Program Files (x86)\Android\tools\emulator.exe -avd titanium_2_HVGA -port 5560 -sdcard "C:\Users\james\.titanium\titanium_2_HVGA.sdcard" -logcat *:d,*,TiAPI:V -no-boot-anim -partition-size 128
[DEBUG] C:\Program Files (x86)\Android\tools\emulator.exe -avd titanium_2_HVGA -port 5560 -sdcard "C:\Users\james\.titanium\titanium_2_HVGA.sdcard" -logcat *:d,*,TiAPI:V -no-boot-anim -partition-size 128
[DEBUG] signal caught: 3
[DEBUG] calling emulator kill on 11148
[DEBUG] signal caught: 3
[DEBUG] calling emulator kill on 8068
[INFO] Building MindsMesh for Android ... one moment
[INFO] Titanium SDK version: 3.1.1 (06/15/13 16:09 f7592c1)
[DEBUG] Waiting for device to be ready ...
[TRACE] adb devices returned 1 devices/emulators
[TRACE] adb devices returned 1 devices/emulators
[TRACE] adb devices returned 1 devices/emulators
[TRACE] adb devices returned 1 devices/emulators
[TRACE] adb devices returned 1 devices/emulators
[TRACE] adb devices returned 1 devices/emulators
[TRACE] adb devices returned 1 devices/emulators
[TRACE] adb devices returned 1 devices/emulators
